/BATCH  
/COM,ANSYS RELEASE 2025 R2           BUILD 25.2      UP20250519       18:26:22
/input,menust,tmp,''
/GRA,POWER
/GST,ON
/PLO,INFO,3
/GRO,CURL,ON
/CPLANE,1   
/inp, 'C:/Users/UPM/AppData/Local/Temp/WB_UPM_6520_2/wbnew_files/dp0/APDL/ANSYS/workbench_main.inp' 
/REPLOT,RESIZE  
WPSTYLE,,,,,,,,0
/POST1  
SET,LIST
EPLOT   
EPLOT   
NPLOT   
/VIEW,1,1,1,1   
/ANG,1  
/REP,FAST   
/DIST, 1 ,0.924021,1
/REP,FAST   
/DIST, 1 ,0.924021,1
/REP,FAST   
/DIST, 1 ,0.924021,1
/REP,FAST   
/DIST, 1 ,0.924021,1
/REP,FAST   
/DIST, 1 ,0.924021,1
/REP,FAST   
/DIST, 1 ,0.924021,1
/REP,FAST   
/DIST, 1 ,0.924021,1
/REP,FAST   
/DIST, 1 ,1.082226,1
/REP,FAST   
/VIEW,1,1,1,1   
/ANG,1  
/REP,FAST   
/VIEW,1,1,2,3   
/ANG,1  
/REP,FAST   
/VIEW,1,1,1,1   
/ANG,1  
/REP,FAST   
/VIEW,1,1,2,3   
/ANG,1  
/REP,FAST   
/VIEW,1,,,1 
/ANG,1  
/REP,FAST   
/VIEW,1,1   
/ANG,1  
/REP,FAST   
/VIEW,1,,1  
/ANG,1  
/REP,FAST   
/VIEW,1,1,1,1   
/ANG,1  
/REP,FAST   
EPLOT   
SET,LAST
SET,LIST
!   
!*  
!*  
!*  
FINISH  
/AUX2   
FILE,'file','full','..\..\SYS\MECH\'
HBMAT,'K','sti',' ',ASCII,STIFF,YES 
FINISH  
!*  
!   
!*  
FINISH  
/AUX2   
FILE,'file','full','..\..\SYS\MECH\'
HBMAT,'M','mas',' ',ASCII,MASS,YES  
FINISH  
!*  
!   
!*  
FINISH  
/AUX2   
FILE,'file','full','..\..\SYS\MECH\'
HBMAT,'C','dam',' ',ASCII,DAMP,YES  
FINISH  
!*  
!   
/POST1  
SET,LIST
FINISH  
! /EXIT,NOSAV   
