
 Ansys Mechanical Enterprise Academic Research     


 *------------------------------------------------------------------*
 |                                                                  |
 |   W E L C O M E   T O   T H E   A N S Y S (R)  P R O G R A M     |
 |                                                                  |
 *------------------------------------------------------------------*




 ***************************************************************
 *         ANSYS MAPDL 2025 R2          LEGAL NOTICES          *
 ***************************************************************
 *                                                             *
 * Copyright 1971-2025 Ansys, Inc.  All rights reserved.       *
 * Unauthorized use, distribution or duplication is            *
 * prohibited.                                                 *
 *                                                             *
 * Ansys is a registered trademark of Ansys, Inc. or its       *
 * subsidiaries in the United States or other countries.       *
 * See the Ansys, Inc. online documentation or the Ansys, Inc. *
 * documentation CD or online help for the complete Legal      *
 * Notice.                                                     *
 *                                                             *
 ***************************************************************
 *                                                             *
 * THIS ANSYS SOFTWARE PRODUCT AND PROGRAM DOCUMENTATION       *
 * INCLUDE TRADE SECRETS AND CONFIDENTIAL AND PROPRIETARY      *
 * PRODUCTS OF ANSYS, INC., ITS SUBSIDIARIES, OR LICENSORS.    *
 * The software products and documentation are furnished by    *
 * Ansys, Inc. or its subsidiaries under a software license    *
 * agreement that contains provisions concerning               *
 * non-disclosure, copying, length and nature of use,          *
 * compliance with exporting laws, warranties, disclaimers,    *
 * limitations of liability, and remedies, and other           *
 * provisions.  The software products and documentation may be *
 * used, disclosed, transferred, or copied only in accordance  *
 * with the terms and conditions of that software license      *
 * agreement.                                                  *
 *                                                             *
 * Ansys, Inc. is a UL registered                              *
 * ISO 9001:2015 company.                                      *
 *                                                             *
 ***************************************************************
 *                                                             *
 * This product is subject to U.S. laws governing export and   *
 * re-export.                                                  *
 *                                                             *
 * For U.S. Government users, except as specifically granted   *
 * by the Ansys, Inc. software license agreement, the use,     *
 * duplication, or disclosure by the United States Government  *
 * is subject to restrictions stated in the Ansys, Inc.        *
 * software license agreement and FAR 12.212 (for non-DOD      *
 * licenses).                                                  *
 *                                                             *
 ***************************************************************

 2025 R2 
     
 Point Releases and Patches installed:   
     
 Ansys, Inc. License Manager 2025 R2 
 Discovery (reduced install) 2025 R2 
 Core WB Files 2025 R2   
 Additive 2025 R2
 optiSLang 2025 R2   
 Electromagnetics Suite 2025 R2  
 CFD-Post only 2025 R2   
 CFX (includes CFD-Post) 2025 R2 
 Chemkin 2025 R2 
 FENSAP-ICE 2025 R2  
 Fluent (includes CFD-Post) 2025 R2  
 Polyflow (includes CFD-Post) 2025 R2
 Forte (includes EnSight) 2025 R2
 ICEM CFD 2025 R2
 TurboGrid 2025 R2   
 Granta EduPack 2025 R2  
 Speos HPC 2025 R2   
 Remote Solve Manager Standalone Services 2025 R2
 ACIS Geometry Interface 2025 R2 
 AutoCAD Geometry Interface 2025 R2  
 Catia, Version 4 Geometry Interface 2025 R2 
 Catia, Version 5 Geometry Interface 2025 R2 
 Catia, Version 6 Geometry Interface 2025 R2 
 Creo Elements/Direct Modeling Geometry Interface 2025 R2
 Creo Parametric Geometry Interface 2025 R2  
 Inventor Geometry Interface 2025 R2 
 JTOpen Geometry Interface 2025 R2   
 NX Geometry Interface 2025 R2   
 Parasolid Geometry Interface  2025 R2   
 Solid Edge Geometry Interface 2025 R2   
 SOLIDWORKS Geometry Interface 2025 R2   


          *****  MAPDL COMMAND LINE ARGUMENTS  *****
  BATCH MODE REQUESTED (-b)    = NOLIST
  INPUT FILE COPY MODE (-c)    = COPY
  SHARED MEMORY PARALLEL REQUESTED
    SINGLE PROCESS WITH   4 THREADS REQUESTED
    TOTAL OF     4 CORES REQUESTED
  INPUT FILE NAME              = \\tsclient\data\liangye\study loves me\data\non-linear problem\Periodic Forced Response Solver\two-solid system\FEM\FromAnsys\_ProjectScratch\Scr4A05\dummy.dat
  OUTPUT FILE NAME             = \\tsclient\data\liangye\study loves me\data\non-linear problem\Periodic Forced Response Solver\two-solid system\FEM\FromAnsys\_ProjectScratch\Scr4A05\solve.out
  START-UP FILE MODE           = NOREAD
  STOP FILE MODE               = NOREAD

 RELEASE= 2025 R2              BUILD= 25.2      UP20250519   VERSION=WINDOWS x64 
 CURRENT JOBNAME=file  13:20:45  NOV 26, 2025 CP=      0.094


 PARAMETER _DS_PROGRESS =     999.0000000    

 /INPUT FILE= ds.dat  LINE=       0



 DO NOT WRITE ELEMENT RESULTS INTO DATABASE

 *GET  _WALLSTRT  FROM  ACTI  ITEM=TIME WALL  VALUE=  13.3461111    

 TITLE= 
 block case--Modal (A5)                                                        

  ACT Extensions:
      LSDYNA, 2025.2
      5f463412-bd3e-484b-87e7-cbc0a665e474, wbex
 /COM,     ANSYSMotion, 2025.2
      20180725-3f81-49eb-9f31-41364844c769, wbex
  

 SET PARAMETER DIMENSIONS ON  _WB_PROJECTSCRATCH_DIR
  TYPE=STRI  DIMENSIONS=      248        1        1

 PARAMETER _WB_PROJECTSCRATCH_DIR(1) = \\tsclient\data\liangye\study loves me\data\non-linear problem\Periodic Forced Response Solver\two-solid system\FEM\FromAnsys\_ProjectScratch\Scr4A05\

 SET PARAMETER DIMENSIONS ON  _WB_SOLVERFILES_DIR
  TYPE=STRI  DIMENSIONS=      248        1        1

 PARAMETER _WB_SOLVERFILES_DIR(1) = \\tsclient\data\liangye\study loves me\data\non-linear problem\Periodic Forced Response Solver\two-solid system\FEM\FromAnsys\block case_files\dp0\SYS\MECH\

 SET PARAMETER DIMENSIONS ON  _WB_USERFILES_DIR
  TYPE=STRI  DIMENSIONS=      248        1        1

 PARAMETER _WB_USERFILES_DIR(1) = \\tsclient\data\liangye\study loves me\data\non-linear problem\Periodic Forced Response Solver\two-solid system\FEM\FromAnsys\block case_files\user_files\
 --- Data in consistent MKS units. See Solving Units in the help system for more

 MKS UNITS SPECIFIED FOR INTERNAL    
  LENGTH        (l)  = METER (M)
  MASS          (M)  = KILOGRAM (KG)
  TIME          (t)  = SECOND (SEC)
  TEMPERATURE   (T)  = CELSIUS (C)
  TOFFSET            = 273.0
  CHARGE        (Q)  = COULOMB
  FORCE         (f)  = NEWTON (N) (KG-M/SEC2)
  HEAT               = JOULE (N-M)

  PRESSURE           = PASCAL (NEWTON/M**2)
  ENERGY        (W)  = JOULE (N-M)
  POWER         (P)  = WATT (N-M/SEC)
  CURRENT       (i)  = AMPERE (COULOMBS/SEC)
  CAPACITANCE   (C)  = FARAD
  INDUCTANCE    (L)  = HENRY
  MAGNETIC FLUX      = WEBER
  RESISTANCE    (R)  = OHM
  ELECTRIC POTENTIAL = VOLT

 INPUT  UNITS ARE ALSO SET TO MKS 

 *** MAPDL - ENGINEERING ANALYSIS SYSTEM  RELEASE 2025 R2          25.2     ***
 Ansys Mechanical Enterprise Academic Research     
 01125323  VERSION=WINDOWS x64   13:20:47  NOV 26, 2025 CP=      0.359

 block case--Modal (A5)                                                        



          ***** MAPDL ANALYSIS DEFINITION (PREP7) *****
 *********** Send User Defined Coordinate System(s) ***********
 *********** Nodes for the whole assembly ***********
 *********** Elements for Body 1 'Open CASCADE IGES processor 7.9| DE        1|S
 *********** Set Reference Temperature ***********
 *********** Send Materials ***********


 ***** ROUTINE COMPLETED *****  CP =         0.359


 --- Number of total nodes = 61
 --- Number of contact elements = 0
 --- Number of spring elements = 0
 --- Number of bearing elements = 0
 --- Number of solid elements = 24
 --- Number of condensed parts = 0
 --- Number of total elements = 24

 *GET  _WALLBSOL  FROM  ACTI  ITEM=TIME WALL  VALUE=  13.3463889    

 *****  MAPDL SOLUTION ROUTINE  *****


 PERFORM A MODAL ANALYSIS
  THIS WILL BE A NEW ANALYSIS

 PARAMETER _THICKRATIO =     0.000000000    

 THERMAL STRAINS ARE NOT INCLUDED IN THE LOAD VECTOR.


 USE SYM. BLOCK LANCZOS MODE EXTRACTION METHOD
  EXTRACT    12 MODES
  NORMALIZE THE MODE SHAPES TO THE MASS MATRIX

 ERASE THE CURRENT DATABASE OUTPUT CONTROL TABLE.


 WRITE ALL  ITEMS TO THE DATABASE WITH A FREQUENCY OF NONE
   FOR ALL APPLICABLE ENTITIES

 WRITE NSOL ITEMS TO THE DATABASE WITH A FREQUENCY OF ALL 
   FOR ALL APPLICABLE ENTITIES


 EXPAND ALL EXTRACTED MODES
  DO NOT CALCULATE ELEMENT RESULTS

 USE LUMPED MASS MATRIX APPROXIMATION

 *GET  ANSINTER_  FROM  ACTI  ITEM=INT        VALUE=  0.00000000    

 *IF  ANSINTER_  ( =   0.00000     )  NE  
      0  ( =   0.00000     )  THEN    

 *ENDIF

 *****  MAPDL SOLVE    COMMAND  *****

 *** WARNING ***                         CP =       0.359   TIME= 13:20:48
 Element shape checking is currently inactive.  Issue SHPP,ON or         
 SHPP,WARN to reactivate, if desired.                                    

 *** NOTE ***                            CP =       0.359   TIME= 13:20:48
 The model data was checked and warning messages were found.             
  Please review output or errors file ( \\tsclient\data\liangye\study    
 loves me\data\non-linear problem\Periodic Forced Response               
 Solver\two-solid system\FEM\FromAnsys\_ProjectScratch\Scr4A05\file.err  
 ) for these warning messages.                                           

 *** SELECTION OF ELEMENT TECHNOLOGIES FOR APPLICABLE ELEMENTS ***
      --- GIVE SUGGESTIONS AND RESET THE KEY OPTIONS ---

 ELEMENT TYPE         1 IS SOLID187. IT IS NOT ASSOCIATED WITH FULLY INCOMPRESSIBLE
 HYPERELASTIC MATERIALS. NO SUGGESTION IS AVAILABLE AND NO RESETTING IS NEEDED.



 *** MAPDL - ENGINEERING ANALYSIS SYSTEM  RELEASE 2025 R2          25.2     ***
 Ansys Mechanical Enterprise Academic Research     
 01125323  VERSION=WINDOWS x64   13:20:48  NOV 26, 2025 CP=      0.359

 block case--Modal (A5)                                                        



                       S O L U T I O N   O P T I O N S

   PROBLEM DIMENSIONALITY. . . . . . . . . . . . .3-D                  
   DEGREES OF FREEDOM. . . . . . UX   UY   UZ  
   ANALYSIS TYPE . . . . . . . . . . . . . . . . .MODAL                
      EXTRACTION METHOD. . . . . . . . . . . . . .BLOCK LANCZOS
   OFFSET TEMPERATURE FROM ABSOLUTE ZERO . . . . .  273.15    
   THERMAL EXPANSION . . . . . . . . . . . . . . .OFF
   LUMPED MASS MATRICES. . . . . . . . . . . . . .ON
   NUMBER OF MODES TO EXTRACT. . . . . . . . . . .    12
   GLOBALLY ASSEMBLED MATRIX . . . . . . . . . . .SYMMETRIC  
   NUMBER OF MODES TO EXPAND . . . . . . . . . . .ALL
   ELEMENT RESULTS CALCULATION . . . . . . . . . .OFF

 *** WARNING ***                         CP =       0.359   TIME= 13:20:48
 No constraints have been defined using the D command.                   

 *** NOTE ***                            CP =       0.359   TIME= 13:20:49
 The step data was checked and warning messages were found.              
  Please review output or errors file ( \\tsclient\data\liangye\study    
 loves me\data\non-linear problem\Periodic Forced Response               
 Solver\two-solid system\FEM\FromAnsys\_ProjectScratch\Scr4A05\file.err  
 ) for these warning messages.                                           

 *** NOTE ***                            CP =       0.359   TIME= 13:20:49
 The conditions for direct assembly have been met.  No .emat or .erot    
 files will be produced.                                                 

                      L O A D   S T E P   O P T I O N S

   LOAD STEP NUMBER. . . . . . . . . . . . . . . .     1
   THERMAL STRAINS INCLUDED IN THE LOAD VECTOR . .    NO
   PRINT OUTPUT CONTROLS . . . . . . . . . . . . .NO PRINTOUT
   DATABASE OUTPUT CONTROLS
      ITEM     FREQUENCY   COMPONENT
       ALL       NONE               
      NSOL        ALL               



                         ***********  PRECISE MASS SUMMARY  ***********

   TOTAL RIGID BODY MASS MATRIX ABOUT ORIGIN
               Translational mass               |   Coupled translational/rotational mass
         15700.        0.0000        0.0000     |     0.0000        15700.       -7850.0    
         0.0000        15700.        0.0000     |    -15700.        0.0000        7850.0    
         0.0000        0.0000        15700.     |     7850.0       -7850.0        0.0000    
     ------------------------------------------ | ------------------------------------------
                                                |         Rotational mass (inertia)
                                                |     27005.       -3966.9       -7850.0    
                                                |    -3966.9        27005.       -7850.0    
                                                |    -7850.0       -7850.0        11305.    

   TOTAL MASS =  15700.    
     The mass principal axes coincide with the global Cartesian axes

   CENTER OF MASS (X,Y,Z)=   0.50000       0.50000        1.0000    

   TOTAL INERTIA ABOUT CENTER OF MASS
         7380.1       -41.923      -0.22939E-01
        -41.923        7380.1       0.16545E-01
       -0.22939E-01   0.16545E-01    3455.1    

   PRINCIPAL INERTIAS =    7422.1        7338.2        3455.1    
   ORIENTATION VECTORS OF THE INERTIA PRINCIPAL AXES IN GLOBAL CARTESIAN
     ( 0.707,-0.707,-0.000) ( 0.707, 0.707,-0.000) ( 0.000,-0.000, 1.000) 


  *** MASS SUMMARY BY ELEMENT TYPE ***

  TYPE      MASS
     1   15700.0    

 Range of element maximum matrix coefficients in global coordinates
 Maximum = 1.641745677E+11 at element 24.                                
 Minimum = 1.64035163E+11 at element 16.                                 

   *** ELEMENT MATRIX FORMULATION TIMES
     TYPE    NUMBER   ENAME      TOTAL CP  AVE CP

        1        24  SOLID187      0.000   0.000000
 Time at end of element matrix formulation CP = 0.375.                   

  BLOCK LANCZOS CALCULATION OF UP TO    12 EIGENVECTORS.
  NUMBER OF EQUATIONS              =          183
  MAXIMUM WAVEFRONT                =           86
  MAXIMUM MODES STORED             =           12
  MINIMUM EIGENVALUE               =  0.00000E+00
  MAXIMUM EIGENVALUE               =  0.10000E+31



  Memory allocated on this process
  -------------------------------------------------------------------
  Equation solver memory allocated                     =     0.296 MB
  Equation solver memory required for in-core mode     =     0.283 MB
  Equation solver memory required for out-of-core mode =     0.213 MB
  Total (solver and non-solver) memory allocated       =   348.414 MB

 *** NOTE ***                            CP =       1.297   TIME= 13:20:55
 The Sparse Matrix Solver used by the Block Lanczos eigensolver is       
 currently running in the in-core memory mode.  This memory mode uses    
 the most amount of memory in order to avoid using the hard drive as     
 much as possible, which most often results in the fastest solution      
 time.  This mode is recommended if enough physical memory is present    
 to accommodate all of the solver data.                                  

  Process memory required for in-core LANCZOS Workspace             =     871.000000 KB
  Process memory required for out-of-core LANCZOS Workspace         =     322.000000 KB
  Lanczos Memory Mode : INCORE


  >> Shift # 1 :  | | | |                            : 12 Eigenvalues Converged


 *** MAPDL - ENGINEERING ANALYSIS SYSTEM  RELEASE 2025 R2          25.2     ***
 Ansys Mechanical Enterprise Academic Research     
 01125323  VERSION=WINDOWS x64   13:21:13  NOV 26, 2025 CP=      5.344

 block case--Modal (A5)                                                        


 NEGATIVE FREQUENCY OF -0.1548E-03 SET TO ZERO
 NEGATIVE FREQUENCY OF -0.1212E-03 SET TO ZERO
 NEGATIVE FREQUENCY OF -0.9529E-04 SET TO ZERO
 NEGATIVE FREQUENCY OF -0.6455E-04 SET TO ZERO

 *** FREQUENCIES FROM BLOCK LANCZOS ITERATION ***

  MODE    FREQUENCY (HERTZ)      


    1     0.000000000000    
    2     0.000000000000    
    3     0.000000000000    
    4     0.000000000000    
    5    0.9497426907219E-04
    6    0.1581171809722E-03
    7     679.0952466665    
    8     739.5531575580    
    9     742.8366854103    
   10     1186.812206164    
   11     1231.280988030    
   12     1295.651179328    

 *** MAPDL - ENGINEERING ANALYSIS SYSTEM  RELEASE 2025 R2          25.2     ***
 Ansys Mechanical Enterprise Academic Research     
 01125323  VERSION=WINDOWS x64   13:21:24  NOV 26, 2025 CP=      6.078

 block case--Modal (A5)                                                        





          ***** PARTICIPATION FACTOR CALCULATION *****  X  DIRECTION
                                                                                  CUMULATIVE     RATIO EFF.MASS
  MODE   FREQUENCY       PERIOD      PARTIC.FACTOR     RATIO    EFFECTIVE MASS   MASS FRACTION   TO TOTAL MASS
     1     0.00000        0.0000        29.317        0.391593     859.458        0.547425E-01    0.547425E-01
     2     0.00000        0.0000       -44.269        0.591320     1959.75        0.179568        0.124825    
     3     0.00000        0.0000        74.865        1.000000     5604.74        0.536558        0.356990    
     4     0.00000        0.0000        34.916        0.466385     1219.11        0.614208        0.776506E-01
     5    0.949743E-04    10529.       -66.895        0.893548     4474.98        0.899239        0.285031    
     6    0.158117E-03    6324.4       -39.774        0.531274     1581.95         1.00000        0.100761    
     7     679.095       0.14725E-02    0.0000        0.000000     0.00000         1.00000         0.00000    
     8     739.553       0.13522E-02    0.0000        0.000000     0.00000         1.00000         0.00000    
     9     742.837       0.13462E-02    0.0000        0.000000     0.00000         1.00000         0.00000    
    10     1186.81       0.84259E-03    0.0000        0.000000     0.00000         1.00000         0.00000    
    11     1231.28       0.81216E-03    0.0000        0.000000     0.00000         1.00000         0.00000    
    12     1295.65       0.77181E-03    0.0000        0.000000     0.00000         1.00000         0.00000    
 -----------------------------------------------------------------------------------------------------------------
   sum                                                             15700.0                         1.00000    
 -----------------------------------------------------------------------------------------------------------------



          ***** PARTICIPATION FACTOR CALCULATION *****  Y  DIRECTION
                                                                                  CUMULATIVE     RATIO EFF.MASS
  MODE   FREQUENCY       PERIOD      PARTIC.FACTOR     RATIO    EFFECTIVE MASS   MASS FRACTION   TO TOTAL MASS
     1     0.00000        0.0000        38.742        0.467080     1500.93        0.956006E-01    0.956006E-01
     2     0.00000        0.0000       -19.213        0.231637     369.141        0.119113        0.235122E-01
     3     0.00000        0.0000        34.984        0.421775     1223.88        0.197067        0.779540E-01
     4     0.00000        0.0000        67.026        0.808080     4492.48        0.483212        0.286145    
     5    0.949743E-04    10529.        82.945        1.000000     6879.82        0.921417        0.438205    
     6    0.158117E-03    6324.4        35.125        0.423472     1233.75         1.00000        0.785828E-01
     7     679.095       0.14725E-02    0.0000        0.000000     0.00000         1.00000         0.00000    
     8     739.553       0.13522E-02    0.0000        0.000000     0.00000         1.00000         0.00000    
     9     742.837       0.13462E-02    0.0000        0.000000     0.00000         1.00000         0.00000    
    10     1186.81       0.84259E-03    0.0000        0.000000     0.00000         1.00000         0.00000    
    11     1231.28       0.81216E-03    0.0000        0.000000     0.00000         1.00000         0.00000    
    12     1295.65       0.77181E-03    0.0000        0.000000     0.00000         1.00000         0.00000    
 -----------------------------------------------------------------------------------------------------------------
   sum                                                             15700.0                         1.00000    
 -----------------------------------------------------------------------------------------------------------------



          ***** PARTICIPATION FACTOR CALCULATION *****  Z  DIRECTION
                                                                                  CUMULATIVE     RATIO EFF.MASS
  MODE   FREQUENCY       PERIOD      PARTIC.FACTOR     RATIO    EFFECTIVE MASS   MASS FRACTION   TO TOTAL MASS
     1     0.00000        0.0000       -15.980        0.194238     255.366        0.162653E-01    0.162653E-01
     2     0.00000        0.0000        82.271        1.000000     6768.55        0.447383        0.431118    
     3     0.00000        0.0000        26.979        0.327927     727.866        0.493744        0.463609E-01
     4     0.00000        0.0000        42.981        0.522433     1847.38        0.611412        0.117667    
     5    0.949743E-04    10529.       -46.246        0.562116     2138.69        0.747634        0.136222    
     6    0.158117E-03    6324.4        62.946        0.765099     3962.15         1.00000        0.252366    
     7     679.095       0.14725E-02    0.0000        0.000000     0.00000         1.00000         0.00000    
     8     739.553       0.13522E-02    0.0000        0.000000     0.00000         1.00000         0.00000    
     9     742.837       0.13462E-02    0.0000        0.000000     0.00000         1.00000         0.00000    
    10     1186.81       0.84259E-03    0.0000        0.000000     0.00000         1.00000         0.00000    
    11     1231.28       0.81216E-03    0.0000        0.000000     0.00000         1.00000         0.00000    
    12     1295.65       0.77181E-03    0.0000        0.000000     0.00000         1.00000         0.00000    
 -----------------------------------------------------------------------------------------------------------------
   sum                                                             15700.0                         1.00000    
 -----------------------------------------------------------------------------------------------------------------



          ***** PARTICIPATION FACTOR CALCULATION *****ROTX DIRECTION
                                                                                  CUMULATIVE     RATIO EFF.MASS
  MODE   FREQUENCY       PERIOD      PARTIC.FACTOR     RATIO    EFFECTIVE MASS   MASS FRACTION   TO TOTAL MASS
     1     0.00000        0.0000       -101.45        1.000000     10291.9        0.381110        0.381110    
     2     0.00000        0.0000        80.010        0.788670     6401.60        0.618161        0.237051    
     3     0.00000        0.0000       -9.8654        0.097245     97.3266        0.621765        0.360400E-02
     4     0.00000        0.0000       -14.944        0.147305     223.324        0.630035        0.826967E-02
     5    0.949743E-04    10529.       -84.553        0.833455     7149.27        0.894772        0.264737    
     6    0.158117E-03    6324.4       -53.307        0.525460     2841.69         1.00000        0.105228    
     7     679.095       0.14725E-02    0.0000        0.000000     0.00000         1.00000         0.00000    
     8     739.553       0.13522E-02    0.0000        0.000000     0.00000         1.00000         0.00000    
     9     742.837       0.13462E-02    0.0000        0.000000     0.00000         1.00000         0.00000    
    10     1186.81       0.84259E-03    0.0000        0.000000     0.00000         1.00000         0.00000    
    11     1231.28       0.81216E-03    0.0000        0.000000     0.00000         1.00000         0.00000    
    12     1295.65       0.77181E-03    0.0000        0.000000     0.00000         1.00000         0.00000    
 -----------------------------------------------------------------------------------------------------------------
   sum                                                             27005.1                         1.00000    
 -----------------------------------------------------------------------------------------------------------------



          ***** PARTICIPATION FACTOR CALCULATION *****ROTY DIRECTION
                                                                                  CUMULATIVE     RATIO EFF.MASS
  MODE   FREQUENCY       PERIOD      PARTIC.FACTOR     RATIO    EFFECTIVE MASS   MASS FRACTION   TO TOTAL MASS
     1     0.00000        0.0000        88.369        0.813622     7809.00        0.289167        0.289167    
     2     0.00000        0.0000       -33.392        0.307448     1115.05        0.330458        0.412904E-01
     3     0.00000        0.0000        73.252        0.674439     5365.83        0.529154        0.198696    
     4     0.00000        0.0000       -4.9602        0.045669     24.6038        0.530065        0.911079E-03
     5    0.949743E-04    10529.       -29.904        0.275328     894.231        0.563178        0.331134E-01
     6    0.158117E-03    6324.4       -108.61        1.000000     11796.4         1.00000        0.436822    
     7     679.095       0.14725E-02    0.0000        0.000000     0.00000         1.00000         0.00000    
     8     739.553       0.13522E-02    0.0000        0.000000     0.00000         1.00000         0.00000    
     9     742.837       0.13462E-02    0.0000        0.000000     0.00000         1.00000         0.00000    
    10     1186.81       0.84259E-03    0.0000        0.000000     0.00000         1.00000         0.00000    
    11     1231.28       0.81216E-03    0.0000        0.000000     0.00000         1.00000         0.00000    
    12     1295.65       0.77181E-03    0.0000        0.000000     0.00000         1.00000         0.00000    
 -----------------------------------------------------------------------------------------------------------------
   sum                                                             27005.1                         1.00000    
 -----------------------------------------------------------------------------------------------------------------



          ***** PARTICIPATION FACTOR CALCULATION *****ROTZ DIRECTION
                                                                                  CUMULATIVE     RATIO EFF.MASS
  MODE   FREQUENCY       PERIOD      PARTIC.FACTOR     RATIO    EFFECTIVE MASS   MASS FRACTION   TO TOTAL MASS
     1     0.00000        0.0000        21.203        0.344166     449.560        0.397660E-01    0.397660E-01
     2     0.00000        0.0000        12.765        0.207206     162.951        0.541798E-01    0.144138E-01
     3     0.00000        0.0000       -60.709        0.985435     3685.59        0.380190        0.326010    
     4     0.00000        0.0000        50.670        0.822483     2567.47        0.607296        0.227106    
     5    0.949743E-04    10529.        61.606        1.000000     3795.35        0.943014        0.335718    
     6    0.158117E-03    6324.4        25.382        0.411998     644.231         1.00000        0.569856E-01
     7     679.095       0.14725E-02    0.0000        0.000000     0.00000         1.00000         0.00000    
     8     739.553       0.13522E-02    0.0000        0.000000     0.00000         1.00000         0.00000    
     9     742.837       0.13462E-02    0.0000        0.000000     0.00000         1.00000         0.00000    
    10     1186.81       0.84259E-03    0.0000        0.000000     0.00000         1.00000         0.00000    
    11     1231.28       0.81216E-03    0.0000        0.000000     0.00000         1.00000         0.00000    
    12     1295.65       0.77181E-03    0.0000        0.000000     0.00000         1.00000         0.00000    
 -----------------------------------------------------------------------------------------------------------------
   sum                                                             11305.1                         1.00000    
 -----------------------------------------------------------------------------------------------------------------





 *** NOTE ***                            CP =       6.094   TIME= 13:21:25
 The modes requested are mass normalized (Nrmkey on MODOPT).  However,   
 the modal masses and kinetic energies below are calculated with unit    
 normalized modes.                                                       

        ***** MODAL MASSES, KINETIC ENERGIES, AND TRANSLATIONAL EFFECTIVE MASSES SUMMARY *****

                                                                         EFFECTIVE MASS
  MODE  FREQUENCY   MODAL MASS     KENE      |      X-DIR      RATIO%   Y-DIR      RATIO%   Z-DIR      RATIO% 
     1   0.000       6687.       0.000       |     859.5        5.47   1501.        9.56   255.4        1.63
     2   0.000       9757.       0.000       |     1960.       12.48   369.1        2.35   6769.       43.11
     3   0.000       6624.       0.000       |     5605.       35.70   1224.        7.80   727.9        4.64
     4   0.000       5561.       0.000       |     1219.        7.77   4492.       28.61   1847.       11.77
     5  0.9497E-04   9734.      0.1733E-02   |     4475.       28.50   6880.       43.82   2139.       13.62
     6  0.1581E-03   8668.      0.4278E-02   |     1582.       10.08   1234.        7.86   3962.       25.24
     7   679.1       4985.      0.4538E+11   |     0.000        0.00   0.000        0.00   0.000        0.00
     8   739.6       3922.      0.4235E+11   |     0.000        0.00   0.000        0.00   0.000        0.00
     9   742.8       3842.      0.4185E+11   |     0.000        0.00   0.000        0.00   0.000        0.00
    10   1187.       3797.      0.1056E+12   |     0.000        0.00   0.000        0.00   0.000        0.00
    11   1231.       5587.      0.1672E+12   |     0.000        0.00   0.000        0.00   0.000        0.00
    12   1296.       1733.      0.5744E+11   |     0.000        0.00   0.000        0.00   0.000        0.00
 --------------------------------------------------------------------------------------------------------------
   sum                                       |    0.1570E+05  100.00  0.1570E+05  100.00  0.1570E+05  100.00
 --------------------------------------------------------------------------------------------------------------


 *** MAPDL BINARY FILE STATISTICS
  BUFFER SIZE USED= 16384
        0.125 MB WRITTEN ON ASSEMBLED MATRIX FILE: file.full
        0.062 MB WRITTEN ON MODAL MATRIX FILE: file.mode
        0.375 MB WRITTEN ON RESULTS FILE: file.rst
 *************** Write FE CONNECTORS *********

 WRITE OUT CONSTRAINT EQUATIONS TO FILE= file.ce                                                                                                                                                                                                                                                             

 *GET  _NMODALSOLPROC  FROM  ACTI  ITEM=NUMC       VALUE=  1.00000000    

 FINISH SOLUTION PROCESSING


 ***** ROUTINE COMPLETED *****  CP =         6.125



 PRINTOUT RESUMED BY /GOP

 *GET  _WALLASOL  FROM  ACTI  ITEM=TIME WALL  VALUE=  13.3580556    

 *** MAPDL - ENGINEERING ANALYSIS SYSTEM  RELEASE 2025 R2          25.2     ***
 Ansys Mechanical Enterprise Academic Research     
 01125323  VERSION=WINDOWS x64   13:21:32  NOV 26, 2025 CP=      6.203

 block case--Modal (A5)                                                        



          ***** MAPDL RESULTS INTERPRETATION (POST1) *****

 *** NOTE ***                            CP =       6.203   TIME= 13:21:32
 Reading results into the database (SET command) will update the current 
 displacement and force boundary conditions in the database with the     
 values from the results file for that load set.  Note that any          
 subsequent solutions will use these values unless action is taken to    
 either SAVE the current values or not overwrite them (/EXIT,NOSAVE).    

 PRINTOUT RESUMED BY /GOP

  Import Data From File file.full (Format=FULL)

  Import The STIFF Matrix (183 by 183)

  Import Data From File file.full (Format=FULL)

  Import The MASS Matrix (183 by 183)

 Set Encoding of XML File to:ISO-8859-1

 Set Output of XML File to:
     PARM,     ,     ,     ,     ,     ,     ,     ,     ,     ,     ,     ,
         ,     ,     ,     ,     ,     ,     ,

 DATABASE WRITTEN ON FILE  parm.xml                                                                                                                                                                                                                                                            

 EXIT THE MAPDL POST1 DATABASE PROCESSOR


 ***** ROUTINE COMPLETED *****  CP =         6.797



 PRINTOUT RESUMED BY /GOP

 *GET  _WALLDONE  FROM  ACTI  ITEM=TIME WALL  VALUE=  13.3702778    

 PARAMETER _PREPTIME =     1.000000000    

 PARAMETER _SOLVTIME =     42.00000000    

 PARAMETER _POSTTIME =     44.00000000    

 PARAMETER _TOTALTIM =     87.00000000    

 *GET  _DLBRATIO  FROM  ACTI  ITEM=SOLU DLBR  VALUE=  0.00000000    

 *GET  _COMBTIME  FROM  ACTI  ITEM=SOLU COMB  VALUE=  0.00000000    

 *GET  _SSMODE   FROM  ACTI  ITEM=SOLU SSMM  VALUE=  2.00000000    

 *GET  _NDOFS    FROM  ACTI  ITEM=SOLU NDOF  VALUE=  183.000000    
 --- Total number of nodes = 61
 --- Total number of elements = 24
 --- Element load balance ratio = 0
 --- Time to combine distributed files = 0
 --- Sparse memory mode = 2
 --- Number of DOF = 183

 EXIT MAPDL WITHOUT SAVING DATABASE


 NUMBER OF WARNING MESSAGES ENCOUNTERED=          2
 NUMBER OF ERROR   MESSAGES ENCOUNTERED=          0

+--------------------- M A P D L   S T A T I S T I C S ------------------------+

Release: 2025 R2            Build: 25.2       Update: UP20250519   Platform: WINDOWS x64 
Date Run: 11/26/2025   Time: 13:22     Process ID: 8228
Operating System: Windows 11  (Build: 26100)

Processor Model: Intel Xeon Processor (Cascadelake)

Compiler: Intel(R) Fortran Compiler Classic Version 2021.9  (Build: 20230302)
          Intel(R) C/C++ Compiler Classic Version 2021.9  (Build: 20230302)
          Intel(R) oneAPI Math Kernel Library Version 2024.2.3-Product Build 20250403

Number of machines requested            :    1
Total number of cores available         :    6
Number of physical cores available      :    6
Number of processes requested           :    1
Number of threads per process requested :    4
Total number of cores requested         :    4 (Shared Memory Parallel)                    

GPU Acceleration: Not Requested

Job Name: file
Input File: dummy.dat
Working Directory: \\tsclient\data\liangye\study loves me\data\non-linear problem\Periodic Forced Response Solver\two-solid system\FEM\FromAnsys\_ProjectScratch\Scr4A05

Total CPU time for main thread                    :        1.9 seconds
Total CPU time summed for all threads             :        6.8 seconds

Elapsed time spent obtaining a license            :        0.5 seconds
Elapsed time spent pre-processing model (/PREP7)  :        0.2 seconds
Elapsed time spent solution - preprocessing       :        0.7 seconds
Elapsed time spent computing solution             :       33.7 seconds
Elapsed time spent solution - postprocessing      :        0.0 seconds
Elapsed time spent post-processing model (/POST1) :       41.4 seconds
 
Eigensolver used                                  :            Block Lanczos
Equation solver computational rate                :        0.0 Gflops

Sum of disk space used on all processes           :        0.5 MB

Sum of memory used on all processes               :       41.0 MB
Sum of memory allocated on all processes          :     2304.0 MB
Physical memory available                         :          8 GB
Total amount of I/O written to disk               :        0.0 GB
Total amount of I/O read from disk                :        0.0 GB

+------------------ E N D   M A P D L   S T A T I S T I C S -------------------+


 *-----------------------------------------------------------------------------*
 |                                                                             |
 |                               RUN COMPLETED                                 |
 |                                                                             |
 |-----------------------------------------------------------------------------|
 |                                                                             |
 |  Ansys MAPDL 2025 R2         Build 25.2         UP20250519    WINDOWS x64   |
 |                                                                             |
 |-----------------------------------------------------------------------------|
 |                                                                             |
 |  Database Requested(-db)  1024 MB     Scratch Memory Requested      1024 MB |
 |  Maximum Database Used       1 MB     Maximum Scratch Memory Used     40 MB |
 |                                                                             |
 |-----------------------------------------------------------------------------|
 |                                                                             |
 |        CP Time      (sec) =          6.844       Time  =  13:22:30          |
 |        Elapsed Time (sec) =        109.000       Date  =  11/26/2025        |
 |                                                                             |
 *-----------------------------------------------------------------------------*
